<?xml version="1.0" encoding="UTF-8"?>
<testsuite name="com.vdx.toastdemo.ExampleUnitTest" tests="1" skipped="0" failures="0" errors="0" timestamp="2020-03-29T18:40:11" hostname="Ved-Div" time="0.001">
  <properties/>
  <testcase name="addition_isCorrect" classname="com.vdx.toastdemo.ExampleUnitTest" time="0.001"/>
  <system-out><![CDATA[]]></system-out>
  <system-err><![CDATA[]]></system-err>
</testsuite>
